{
  "stats": {
    "suites": 10,
    "tests": 12,
    "passes": 12,
    "pending": 0,
    "failures": 0,
    "start": "2026-02-14T00:21:20.697Z",
    "end": "2026-02-14T00:21:24.992Z",
    "duration": 4295,
    "testsRegistered": 12,
    "passPercent": 100,
    "pendingPercent": 0,
    "other": 0,
    "hasOther": false,
    "skipped": 0,
    "hasSkipped": false
  },
  "results": [
    {
      "uuid": "d8a9992e-fda6-4518-949e-d3bc17332977",
      "title": "",
      "fullFile": "",
      "file": "",
      "beforeHooks": [],
      "afterHooks": [],
      "tests": [
        {
          "title": "API - deve autenticar o usuario corretamente",
          "fullTitle": "API - deve autenticar o usuario corretamente",
          "timedOut": false,
          "duration": 369,
          "state": "passed",
          "speed": "slow",
          "pass": true,
          "fail": false,
          "pending": false,
          "context": null,
          "code": "await spec()\n    .post('http://lojaebac.ebaconline.art.br/public/authUser')\n    .withJson({\n        \"email\": \"admin@admin.com\",\n        \"password\": \"admin123\"\n    })\n    .expectStatus(200)\n    .expectJson('success', true)",
          "err": {},
          "uuid": "d38c65a2-f7e6-467b-8df4-3ccc67418722",
          "parentUUID": "d8a9992e-fda6-4518-949e-d3bc17332977",
          "isHook": false,
          "skipped": false
        },
        {
          "title": "deve autenticar o usuário corretamente",
          "fullTitle": "deve autenticar o usuário corretamente",
          "timedOut": false,
          "duration": 296,
          "state": "passed",
          "speed": "slow",
          "pass": true,
          "fail": false,
          "pending": false,
          "context": null,
          "code": "await spec()\n    .post('http://lojaebac.ebaconline.art.br/graphql')\n    .withGraphQLQuery(`\n    mutation AuthUser($email: String, $password: String) {\n        authUser(email: $email, password: $password) {\n          success\n          token\n        }\n      }\n`)\n    .withGraphQLVariables({\n        \"email\": \"admin@admin.com\",\n        \"password\": \"admin123\"\n    })\n    .expectStatus(200)\n    .expectJson('data.authUser.success', true)",
          "err": {},
          "uuid": "cdbf50a9-fcba-428b-9e23-d54ad647ee0b",
          "parentUUID": "d8a9992e-fda6-4518-949e-d3bc17332977",
          "isHook": false,
          "skipped": false
        }
      ],
      "suites": [
        {
          "uuid": "0600179a-0be0-4453-bfbb-5098795e4352",
          "title": "API - Add Category",
          "fullFile": "C:\\repositorio2\\M24.Testes_em_APIs_GraphQL_com_PactumJS\\M24_Exercicio\\test\\api\\categories\\addCategory.test.js",
          "file": "\\test\\api\\categories\\addCategory.test.js",
          "beforeHooks": [
            {
              "title": "\"before all\" hook in \"API - Add Category\"",
              "fullTitle": "API - Add Category \"before all\" hook in \"API - Add Category\"",
              "timedOut": false,
              "duration": 332,
              "state": null,
              "speed": null,
              "pass": false,
              "fail": false,
              "pending": false,
              "context": null,
              "code": "const response = await spec()\n  .post('http://lojaebac.ebaconline.art.br/public/authUser')\n  .withJson({\n    email: \"admin@admin.com\",\n    password: \"admin123\"\n  })\n  .expectStatus(200);\ntoken = response.body.data.token;\nconsole.log('Token:', token);",
              "err": {},
              "uuid": "eff31442-2083-45e4-9059-c3a5092bcfbf",
              "parentUUID": "0600179a-0be0-4453-bfbb-5098795e4352",
              "isHook": true,
              "skipped": false
            }
          ],
          "afterHooks": [],
          "tests": [
            {
              "title": "deve adicionar uma categoria com sucesso",
              "fullTitle": "API - Add Category deve adicionar uma categoria com sucesso",
              "timedOut": false,
              "duration": 42,
              "state": "passed",
              "speed": "medium",
              "pass": true,
              "fail": false,
              "pending": false,
              "context": null,
              "code": "await spec()\n  .post('http://lojaebac.ebaconline.art.br/api/addCategory')\n  .withHeaders('Authorization', token)\n  .withJson({\n    name: \"Categoria Teste M24\"\n  })\n  .expectStatus(200)\n  .expectJsonLike({\n    success: true\n  });",
              "err": {},
              "uuid": "12745c49-b2ad-4b3a-8150-e2fd11b48392",
              "parentUUID": "0600179a-0be0-4453-bfbb-5098795e4352",
              "isHook": false,
              "skipped": false
            }
          ],
          "suites": [],
          "passes": [
            "12745c49-b2ad-4b3a-8150-e2fd11b48392"
          ],
          "failures": [],
          "pending": [],
          "skipped": [],
          "duration": 42,
          "root": false,
          "rootEmpty": false,
          "_timeout": 10000
        },
        {
          "uuid": "8ef1a946-0053-4875-b902-7c6b4c23f88b",
          "title": "API - Delete Category",
          "fullFile": "C:\\repositorio2\\M24.Testes_em_APIs_GraphQL_com_PactumJS\\M24_Exercicio\\test\\api\\categories\\deleteCategory.test.js",
          "file": "\\test\\api\\categories\\deleteCategory.test.js",
          "beforeHooks": [
            {
              "title": "\"before all\" hook in \"API - Delete Category\"",
              "fullTitle": "API - Delete Category \"before all\" hook in \"API - Delete Category\"",
              "timedOut": false,
              "duration": 291,
              "state": null,
              "speed": null,
              "pass": false,
              "fail": false,
              "pending": false,
              "context": null,
              "code": "const response = await spec()\n  .post('http://lojaebac.ebaconline.art.br/public/authUser')\n  .withJson({\n    email: \"admin@admin.com\",\n    password: \"admin123\"\n  })\n  .expectStatus(200);\ntoken = response.body.data.token;\nconsole.log('Token:', token);",
              "err": {},
              "uuid": "dce75ceb-30ae-4f11-b24e-73b666e9562d",
              "parentUUID": "8ef1a946-0053-4875-b902-7c6b4c23f88b",
              "isHook": true,
              "skipped": false
            },
            {
              "title": "\"before all\" hook in \"API - Delete Category\"",
              "fullTitle": "API - Delete Category \"before all\" hook in \"API - Delete Category\"",
              "timedOut": false,
              "duration": 35,
              "state": null,
              "speed": null,
              "pass": false,
              "fail": false,
              "pending": false,
              "context": null,
              "code": "const response = await spec()\n  .post('http://lojaebac.ebaconline.art.br/api/addCategory')\n  .withHeaders('Authorization', token)\n  .withJson({\n    name: \"Categoria Para Deletar\"\n  })\n  .expectStatus(200);\ncategoryId = response.body.data._id;\nconsole.log('Categoria criada:', categoryId);",
              "err": {},
              "uuid": "eea05997-d5a4-44ed-b15c-ffd2f0d47298",
              "parentUUID": "8ef1a946-0053-4875-b902-7c6b4c23f88b",
              "isHook": true,
              "skipped": false
            }
          ],
          "afterHooks": [],
          "tests": [
            {
              "title": "deve deletar a categoria com sucesso",
              "fullTitle": "API - Delete Category deve deletar a categoria com sucesso",
              "timedOut": false,
              "duration": 46,
              "state": "passed",
              "speed": "medium",
              "pass": true,
              "fail": false,
              "pending": false,
              "context": null,
              "code": "await spec()\n  .delete(`http://lojaebac.ebaconline.art.br/api/deleteCategory/${categoryId}`)\n  .withHeaders('Authorization', token)\n  .expectStatus(200)\n  .expectJsonLike({\n    success: true\n  });",
              "err": {},
              "uuid": "bb7ce6c1-8583-40fc-adc6-332b650ca52d",
              "parentUUID": "8ef1a946-0053-4875-b902-7c6b4c23f88b",
              "isHook": false,
              "skipped": false
            }
          ],
          "suites": [],
          "passes": [
            "bb7ce6c1-8583-40fc-adc6-332b650ca52d"
          ],
          "failures": [],
          "pending": [],
          "skipped": [],
          "duration": 46,
          "root": false,
          "rootEmpty": false,
          "_timeout": 10000
        },
        {
          "uuid": "12a8bfec-62c7-4187-be30-5685ef7dc9cd",
          "title": "API - Edit Category",
          "fullFile": "C:\\repositorio2\\M24.Testes_em_APIs_GraphQL_com_PactumJS\\M24_Exercicio\\test\\api\\categories\\editCategory.test.js",
          "file": "\\test\\api\\categories\\editCategory.test.js",
          "beforeHooks": [
            {
              "title": "\"before all\" hook in \"API - Edit Category\"",
              "fullTitle": "API - Edit Category \"before all\" hook in \"API - Edit Category\"",
              "timedOut": false,
              "duration": 297,
              "state": null,
              "speed": null,
              "pass": false,
              "fail": false,
              "pending": false,
              "context": null,
              "code": "const response = await spec()\n  .post('http://lojaebac.ebaconline.art.br/public/authUser')\n  .withJson({\n    email: \"admin@admin.com\",\n    password: \"admin123\"\n  })\n  .expectStatus(200);\ntoken = response.body.data.token;\nconsole.log('Token:', token);",
              "err": {},
              "uuid": "698538d5-8abe-4eac-947d-5c9d8db1fd43",
              "parentUUID": "12a8bfec-62c7-4187-be30-5685ef7dc9cd",
              "isHook": true,
              "skipped": false
            },
            {
              "title": "\"before all\" hook in \"API - Edit Category\"",
              "fullTitle": "API - Edit Category \"before all\" hook in \"API - Edit Category\"",
              "timedOut": false,
              "duration": 35,
              "state": null,
              "speed": null,
              "pass": false,
              "fail": false,
              "pending": false,
              "context": null,
              "code": "const response = await spec()\n  .post('http://lojaebac.ebaconline.art.br/api/addCategory')\n  .withHeaders('Authorization', token)\n  .withJson({\n    name: \"Categoria Original\"\n  })\n  .expectStatus(200);\ncategoryId = response.body.data._id;\nconsole.log('Categoria criada:', categoryId);",
              "err": {},
              "uuid": "8687f24f-79a7-42d4-867d-72ed5bb00848",
              "parentUUID": "12a8bfec-62c7-4187-be30-5685ef7dc9cd",
              "isHook": true,
              "skipped": false
            }
          ],
          "afterHooks": [],
          "tests": [
            {
              "title": "deve atualizar a categoria com sucesso",
              "fullTitle": "API - Edit Category deve atualizar a categoria com sucesso",
              "timedOut": false,
              "duration": 46,
              "state": "passed",
              "speed": "medium",
              "pass": true,
              "fail": false,
              "pending": false,
              "context": null,
              "code": "await spec()\n  .put(`http://lojaebac.ebaconline.art.br/api/editCategory/${categoryId}`)\n  .withHeaders('Authorization', token)\n  .withJson({\n    name: \"Categoria Atualizada\"\n  })\n  .expectStatus(200)\n  .expectJsonLike({\n    success: true\n  });",
              "err": {},
              "uuid": "2630271b-9c5a-472a-aa51-c11b59666c2a",
              "parentUUID": "12a8bfec-62c7-4187-be30-5685ef7dc9cd",
              "isHook": false,
              "skipped": false
            }
          ],
          "suites": [],
          "passes": [
            "2630271b-9c5a-472a-aa51-c11b59666c2a"
          ],
          "failures": [],
          "pending": [],
          "skipped": [],
          "duration": 46,
          "root": false,
          "rootEmpty": false,
          "_timeout": 10000
        },
        {
          "uuid": "108ad87f-5633-4b6e-ad1c-e019e24b947c",
          "title": "API - Products",
          "fullFile": "C:\\repositorio2\\M24.Testes_em_APIs_GraphQL_com_PactumJS\\M24_Exercicio\\test\\api\\products\\addProduct.test.js",
          "file": "\\test\\api\\products\\addProduct.test.js",
          "beforeHooks": [
            {
              "title": "\"before all\" hook in \"API - Products\"",
              "fullTitle": "API - Products \"before all\" hook in \"API - Products\"",
              "timedOut": false,
              "duration": 284,
              "state": null,
              "speed": null,
              "pass": false,
              "fail": false,
              "pending": false,
              "context": null,
              "code": "token = await spec()\n  .post('http://lojaebac.ebaconline.art.br/public/authUser')\n  .withJson({\n    email: \"admin@admin.com\",\n    password: \"admin123\"\n  })\n  .expectStatus(200)\n  .returns('data.token');",
              "err": {},
              "uuid": "a374dd11-4539-4c35-a019-52c319af302a",
              "parentUUID": "108ad87f-5633-4b6e-ad1c-e019e24b947c",
              "isHook": true,
              "skipped": false
            },
            {
              "title": "\"before all\" hook in \"API - Products\"",
              "fullTitle": "API - Products \"before all\" hook in \"API - Products\"",
              "timedOut": false,
              "duration": 40,
              "state": null,
              "speed": null,
              "pass": false,
              "fail": false,
              "pending": false,
              "context": null,
              "code": "categoryId = await spec()\n  .post('http://lojaebac.ebaconline.art.br/api/addCategory')\n  .withHeaders('Authorization', token)\n  .withJson({\n    name: \"Categoria Teste M24\"\n  })\n  .expectStatus(200)\n  .returns('data._id');",
              "err": {},
              "uuid": "4bd00eb7-2db1-49e3-9282-7a61efa63b90",
              "parentUUID": "108ad87f-5633-4b6e-ad1c-e019e24b947c",
              "isHook": true,
              "skipped": false
            }
          ],
          "afterHooks": [],
          "tests": [
            {
              "title": "deve adicionar um produto com sucesso",
              "fullTitle": "API - Products deve adicionar um produto com sucesso",
              "timedOut": false,
              "duration": 46,
              "state": "passed",
              "speed": "medium",
              "pass": true,
              "fail": false,
              "pending": false,
              "context": null,
              "code": "await spec()\n  .post('http://lojaebac.ebaconline.art.br/api/addProduct')\n  .withHeaders('Authorization', token)\n  .withJson({\n    name: \"Produto Teste M24\",\n    price: 100,\n    description: \"Descrição do Produto Teste M24\",\n    quantity: 10,\n    category: categoryId\n  })\n  .expectStatus(200)\n  .expectJsonLike({\n    success: true\n  });",
              "err": {},
              "uuid": "b5003749-ab04-4f43-a608-afb9a653c3c4",
              "parentUUID": "108ad87f-5633-4b6e-ad1c-e019e24b947c",
              "isHook": false,
              "skipped": false
            }
          ],
          "suites": [],
          "passes": [
            "b5003749-ab04-4f43-a608-afb9a653c3c4"
          ],
          "failures": [],
          "pending": [],
          "skipped": [],
          "duration": 46,
          "root": false,
          "rootEmpty": false,
          "_timeout": 10000
        },
        {
          "uuid": "07a7bf1b-911e-4a2f-b82c-b563d88850c4",
          "title": "API - Delete Product",
          "fullFile": "C:\\repositorio2\\M24.Testes_em_APIs_GraphQL_com_PactumJS\\M24_Exercicio\\test\\api\\products\\deleteProduct.test.js",
          "file": "\\test\\api\\products\\deleteProduct.test.js",
          "beforeHooks": [
            {
              "title": "\"before all\" hook in \"API - Delete Product\"",
              "fullTitle": "API - Delete Product \"before all\" hook in \"API - Delete Product\"",
              "timedOut": false,
              "duration": 276,
              "state": null,
              "speed": null,
              "pass": false,
              "fail": false,
              "pending": false,
              "context": null,
              "code": "const response = await spec()\n  .post('http://lojaebac.ebaconline.art.br/public/authUser')\n  .withJson({\n    email: \"admin@admin.com\",\n    password: \"admin123\"\n  })\n  .expectStatus(200);\ntoken = response.body.data.token;\nconsole.log('Token:', token);",
              "err": {},
              "uuid": "fb222e94-5e87-4ed0-a270-b6c22b60d7fc",
              "parentUUID": "07a7bf1b-911e-4a2f-b82c-b563d88850c4",
              "isHook": true,
              "skipped": false
            },
            {
              "title": "\"before all\" hook in \"API - Delete Product\"",
              "fullTitle": "API - Delete Product \"before all\" hook in \"API - Delete Product\"",
              "timedOut": false,
              "duration": 36,
              "state": null,
              "speed": null,
              "pass": false,
              "fail": false,
              "pending": false,
              "context": null,
              "code": "const response = await spec()\n  .post('http://lojaebac.ebaconline.art.br/api/addCategory')\n  .withHeaders('Authorization', token)\n  .withJson({\n    name: \"Categoria Delete Test\"\n  })\n  .expectStatus(200);\ncategoryId = response.body.data._id;\nconsole.log('Categoria criada:', categoryId);",
              "err": {},
              "uuid": "fbf67aa9-1215-4bc8-a48d-00f0ada39dc9",
              "parentUUID": "07a7bf1b-911e-4a2f-b82c-b563d88850c4",
              "isHook": true,
              "skipped": false
            },
            {
              "title": "\"before all\" hook in \"API - Delete Product\"",
              "fullTitle": "API - Delete Product \"before all\" hook in \"API - Delete Product\"",
              "timedOut": false,
              "duration": 38,
              "state": null,
              "speed": null,
              "pass": false,
              "fail": false,
              "pending": false,
              "context": null,
              "code": "const response = await spec()\n  .post('http://lojaebac.ebaconline.art.br/api/addProduct')\n  .withHeaders('Authorization', token)\n  .withJson({\n    name: \"Produto para deletar\",\n    price: 150,\n    description: \"Produto que será removido\",\n    quantity: 5,\n    category: categoryId\n  })\n  .expectStatus(200);\nproductId = response.body.data._id;\nconsole.log('Produto criado:', productId);",
              "err": {},
              "uuid": "734a6e13-476b-4f3e-948b-8dd58f6ba8f2",
              "parentUUID": "07a7bf1b-911e-4a2f-b82c-b563d88850c4",
              "isHook": true,
              "skipped": false
            }
          ],
          "afterHooks": [],
          "tests": [
            {
              "title": "deve deletar o produto com sucesso",
              "fullTitle": "API - Delete Product deve deletar o produto com sucesso",
              "timedOut": false,
              "duration": 30,
              "state": "passed",
              "speed": "fast",
              "pass": true,
              "fail": false,
              "pending": false,
              "context": null,
              "code": "await spec()\n  .delete(`http://lojaebac.ebaconline.art.br/api/deleteProduct/${productId}`)\n  .withHeaders('Authorization', token)\n  .expectStatus(200)\n  .expectJsonLike({\n    success: true\n  });",
              "err": {},
              "uuid": "10706eeb-5c73-4081-a339-f23425a1d9a9",
              "parentUUID": "07a7bf1b-911e-4a2f-b82c-b563d88850c4",
              "isHook": false,
              "skipped": false
            }
          ],
          "suites": [],
          "passes": [
            "10706eeb-5c73-4081-a339-f23425a1d9a9"
          ],
          "failures": [],
          "pending": [],
          "skipped": [],
          "duration": 30,
          "root": false,
          "rootEmpty": false,
          "_timeout": 10000
        },
        {
          "uuid": "09ecce55-ef4d-4bc2-bdb2-a3494a669808",
          "title": "API - Edit Product",
          "fullFile": "C:\\repositorio2\\M24.Testes_em_APIs_GraphQL_com_PactumJS\\M24_Exercicio\\test\\api\\products\\editProduct.test.js",
          "file": "\\test\\api\\products\\editProduct.test.js",
          "beforeHooks": [
            {
              "title": "\"before all\" hook in \"API - Edit Product\"",
              "fullTitle": "API - Edit Product \"before all\" hook in \"API - Edit Product\"",
              "timedOut": false,
              "duration": 310,
              "state": null,
              "speed": null,
              "pass": false,
              "fail": false,
              "pending": false,
              "context": null,
              "code": "const response = await spec()\n  .post('http://lojaebac.ebaconline.art.br/public/authUser')\n  .withJson({\n    email: \"admin@admin.com\",\n    password: \"admin123\"\n  })\n  .expectStatus(200);\ntoken = response.body.data.token;\nconsole.log('Token:', token);",
              "err": {},
              "uuid": "5aaa1ee4-81d5-4ab3-8053-872d81af6b1f",
              "parentUUID": "09ecce55-ef4d-4bc2-bdb2-a3494a669808",
              "isHook": true,
              "skipped": false
            },
            {
              "title": "\"before all\" hook in \"API - Edit Product\"",
              "fullTitle": "API - Edit Product \"before all\" hook in \"API - Edit Product\"",
              "timedOut": false,
              "duration": 72,
              "state": null,
              "speed": null,
              "pass": false,
              "fail": false,
              "pending": false,
              "context": null,
              "code": "const response = await spec()\n  .post('http://lojaebac.ebaconline.art.br/api/addCategory')\n  .withHeaders('Authorization', token)\n  .withJson({\n    name: \"Categoria Edit Test\"\n  })\n  .expectStatus(200);\ncategoryId = response.body.data._id;\nconsole.log('Categoria criada:', categoryId);",
              "err": {},
              "uuid": "65086d5c-9f60-4bf1-be77-b20c7dcd363a",
              "parentUUID": "09ecce55-ef4d-4bc2-bdb2-a3494a669808",
              "isHook": true,
              "skipped": false
            },
            {
              "title": "\"before all\" hook in \"API - Edit Product\"",
              "fullTitle": "API - Edit Product \"before all\" hook in \"API - Edit Product\"",
              "timedOut": false,
              "duration": 35,
              "state": null,
              "speed": null,
              "pass": false,
              "fail": false,
              "pending": false,
              "context": null,
              "code": "const response = await spec()\n  .post('http://lojaebac.ebaconline.art.br/api/addProduct')\n  .withHeaders('Authorization', token)\n  .withJson({\n    name: \"Produto Original\",\n    price: 100,\n    description: \"Produto antes do update\",\n    quantity: 10,\n    category: categoryId\n  })\n  .expectStatus(200);\nproductId = response.body.data._id;\nconsole.log('Produto criado:', productId);",
              "err": {},
              "uuid": "486b4e58-0ed6-4b2e-8425-fd1be51c3603",
              "parentUUID": "09ecce55-ef4d-4bc2-bdb2-a3494a669808",
              "isHook": true,
              "skipped": false
            }
          ],
          "afterHooks": [],
          "tests": [
            {
              "title": "deve atualizar o produto com sucesso",
              "fullTitle": "API - Edit Product deve atualizar o produto com sucesso",
              "timedOut": false,
              "duration": 47,
              "state": "passed",
              "speed": "medium",
              "pass": true,
              "fail": false,
              "pending": false,
              "context": null,
              "code": "await spec()\n  .put(`http://lojaebac.ebaconline.art.br/api/editProduct/${productId}`)\n  .withHeaders('Authorization', token)\n  .withJson({\n    name: \"Produto Atualizado\",\n    price: 200,\n    description: \"Produto depois do update\",\n    quantity: 20,\n    category: categoryId\n  })\n  .expectStatus(200)\n  .expectJsonLike({\n    success: true\n  });",
              "err": {},
              "uuid": "d1eb7fa1-499b-44a7-839e-b10fd4dc0d34",
              "parentUUID": "09ecce55-ef4d-4bc2-bdb2-a3494a669808",
              "isHook": false,
              "skipped": false
            }
          ],
          "suites": [],
          "passes": [
            "d1eb7fa1-499b-44a7-839e-b10fd4dc0d34"
          ],
          "failures": [],
          "pending": [],
          "skipped": [],
          "duration": 47,
          "root": false,
          "rootEmpty": false,
          "_timeout": 10000
        },
        {
          "uuid": "18f132ce-343a-4079-97fe-575d0c60b184",
          "title": "CONTRACT - Category Service",
          "fullFile": "C:\\repositorio2\\M24.Testes_em_APIs_GraphQL_com_PactumJS\\M24_Exercicio\\test\\contract\\category.contract.test.js",
          "file": "\\test\\contract\\category.contract.test.js",
          "beforeHooks": [
            {
              "title": "\"before all\" hook in \"CONTRACT - Category Service\"",
              "fullTitle": "CONTRACT - Category Service \"before all\" hook in \"CONTRACT - Category Service\"",
              "timedOut": false,
              "duration": 273,
              "state": null,
              "speed": null,
              "pass": false,
              "fail": false,
              "pending": false,
              "context": null,
              "code": "const login = await spec()\n  .post('http://lojaebac.ebaconline.art.br/public/authUser')\n  .withJson({\n    email: \"admin@admin.com\",\n    password: \"admin123\"\n  });\ntoken = login.body.data.token;",
              "err": {},
              "uuid": "3b3aeb36-24f8-4f40-984b-ae2af82513bd",
              "parentUUID": "18f132ce-343a-4079-97fe-575d0c60b184",
              "isHook": true,
              "skipped": false
            }
          ],
          "afterHooks": [],
          "tests": [
            {
              "title": "deve respeitar o contrato de criação de categoria",
              "fullTitle": "CONTRACT - Category Service deve respeitar o contrato de criação de categoria",
              "timedOut": false,
              "duration": 38,
              "state": "passed",
              "speed": "medium",
              "pass": true,
              "fail": false,
              "pending": false,
              "context": null,
              "code": "await spec()\n  .post('http://lojaebac.ebaconline.art.br/api/addCategory')\n  .withHeaders('Authorization', token)\n  .withJson({\n    name: \"Categoria Contract Test\"\n  })\n  .expectStatus(200)\n  .expectJsonLike({\n    success: true,\n    data: {\n      _id: /.+/,\n      name: \"Categoria Contract Test\"\n    }\n  });",
              "err": {},
              "uuid": "8a096ad7-c942-4db6-82ae-f5bea4817a74",
              "parentUUID": "18f132ce-343a-4079-97fe-575d0c60b184",
              "isHook": false,
              "skipped": false
            }
          ],
          "suites": [],
          "passes": [
            "8a096ad7-c942-4db6-82ae-f5bea4817a74"
          ],
          "failures": [],
          "pending": [],
          "skipped": [],
          "duration": 38,
          "root": false,
          "rootEmpty": false,
          "_timeout": 10000
        },
        {
          "uuid": "52cc1175-8dfc-432e-b654-e02ebf716e22",
          "title": "CONTRACT - Login Consumer",
          "fullFile": "C:\\repositorio2\\M24.Testes_em_APIs_GraphQL_com_PactumJS\\M24_Exercicio\\test\\contract\\loginConsumer.test.js",
          "file": "\\test\\contract\\loginConsumer.test.js",
          "beforeHooks": [],
          "afterHooks": [],
          "tests": [
            {
              "title": "deve autenticar o usuário corretamente",
              "fullTitle": "CONTRACT - Login Consumer deve autenticar o usuário corretamente",
              "timedOut": false,
              "duration": 297,
              "state": "passed",
              "speed": "slow",
              "pass": true,
              "fail": false,
              "pending": false,
              "context": null,
              "code": "await spec()\n      .post('http://lojaebac.ebaconline.art.br/public/authUser')\n      .withJson({\n        email: \"admin@admin.com\",\n        password: \"admin123\"\n      })\n      .expectStatus(200)\n      .expectJsonLike({\n        success: true,\n        data: {\n          token: /.+/\n        }\n      });",
              "err": {},
              "uuid": "ff3ddf83-1ab8-4f61-825c-dbbd4adcbc87",
              "parentUUID": "52cc1175-8dfc-432e-b654-e02ebf716e22",
              "isHook": false,
              "skipped": false
            }
          ],
          "suites": [],
          "passes": [
            "ff3ddf83-1ab8-4f61-825c-dbbd4adcbc87"
          ],
          "failures": [],
          "pending": [],
          "skipped": [],
          "duration": 297,
          "root": false,
          "rootEmpty": false,
          "_timeout": 10000
        },
        {
          "uuid": "9c529374-3e17-4592-b9e3-417f932928e2",
          "title": "CONTRACT - Login Provider",
          "fullFile": "C:\\repositorio2\\M24.Testes_em_APIs_GraphQL_com_PactumJS\\M24_Exercicio\\test\\contract\\loginProvider.test.js",
          "file": "\\test\\contract\\loginProvider.test.js",
          "beforeHooks": [],
          "afterHooks": [],
          "tests": [
            {
              "title": "deve respeitar o contrato de autenticação",
              "fullTitle": "CONTRACT - Login Provider deve respeitar o contrato de autenticação",
              "timedOut": false,
              "duration": 300,
              "state": "passed",
              "speed": "slow",
              "pass": true,
              "fail": false,
              "pending": false,
              "context": null,
              "code": "const response = await spec()\n      .post('http://lojaebac.ebaconline.art.br/public/authUser')\n      .withJson({\n        email: \"admin@admin.com\",\n        password: \"admin123\"\n      })\n      .expectStatus(200);\n    if (!response.body.success) {\n      throw new Error('Contrato inválido: success não é true');\n    }\n    if (!response.body.data.token) {\n      throw new Error('Contrato inválido: token não retornado');\n    }",
              "err": {},
              "uuid": "72340bf3-2959-4c55-8111-a989fa732eaa",
              "parentUUID": "9c529374-3e17-4592-b9e3-417f932928e2",
              "isHook": false,
              "skipped": false
            }
          ],
          "suites": [],
          "passes": [
            "72340bf3-2959-4c55-8111-a989fa732eaa"
          ],
          "failures": [],
          "pending": [],
          "skipped": [],
          "duration": 300,
          "root": false,
          "rootEmpty": false,
          "_timeout": 10000
        },
        {
          "uuid": "ea1fe8e8-685f-455a-a200-948eb6b84f15",
          "title": "CONTRACT - Product Service",
          "fullFile": "C:\\repositorio2\\M24.Testes_em_APIs_GraphQL_com_PactumJS\\M24_Exercicio\\test\\contract\\product.contract.test.js",
          "file": "\\test\\contract\\product.contract.test.js",
          "beforeHooks": [
            {
              "title": "\"before all\" hook in \"CONTRACT - Product Service\"",
              "fullTitle": "CONTRACT - Product Service \"before all\" hook in \"CONTRACT - Product Service\"",
              "timedOut": false,
              "duration": 334,
              "state": null,
              "speed": null,
              "pass": false,
              "fail": false,
              "pending": false,
              "context": null,
              "code": "const login = await spec()\n  .post('http://lojaebac.ebaconline.art.br/public/authUser')\n  .withJson({\n    email: \"admin@admin.com\",\n    password: \"admin123\"\n  });\ntoken = login.body.data.token;\nconst category = await spec()\n  .post('http://lojaebac.ebaconline.art.br/api/addCategory')\n  .withHeaders('Authorization', token)\n  .withJson({ name: \"Categoria Contract\" });\ncategoryId = category.body.data._id;",
              "err": {},
              "uuid": "b903d28a-a667-4445-a096-18364f523ddc",
              "parentUUID": "ea1fe8e8-685f-455a-a200-948eb6b84f15",
              "isHook": true,
              "skipped": false
            }
          ],
          "afterHooks": [],
          "tests": [
            {
              "title": "deve respeitar o contrato de criação de produto",
              "fullTitle": "CONTRACT - Product Service deve respeitar o contrato de criação de produto",
              "timedOut": false,
              "duration": 32,
              "state": "passed",
              "speed": "fast",
              "pass": true,
              "fail": false,
              "pending": false,
              "context": null,
              "code": "await spec()\n  .post('http://lojaebac.ebaconline.art.br/api/addProduct')\n  .withHeaders('Authorization', token)\n  .withJson({\n    name: \"Produto Contract\",\n    price: 100,\n    description: \"Contrato\",\n    quantity: 10,\n    category: categoryId\n  })\n  .expectStatus(200)\n  .expectJsonLike({\n    success: true,\n    data: {\n      _id: /.+/,\n      name: \"Produto Contract\",\n      price: 100\n    }\n  });",
              "err": {},
              "uuid": "f302dbe5-d19d-4506-b24e-ee0e218ae092",
              "parentUUID": "ea1fe8e8-685f-455a-a200-948eb6b84f15",
              "isHook": false,
              "skipped": false
            }
          ],
          "suites": [],
          "passes": [
            "f302dbe5-d19d-4506-b24e-ee0e218ae092"
          ],
          "failures": [],
          "pending": [],
          "skipped": [],
          "duration": 32,
          "root": false,
          "rootEmpty": false,
          "_timeout": 10000
        }
      ],
      "passes": [
        "d38c65a2-f7e6-467b-8df4-3ccc67418722",
        "cdbf50a9-fcba-428b-9e23-d54ad647ee0b"
      ],
      "failures": [],
      "pending": [],
      "skipped": [],
      "duration": 665,
      "root": true,
      "rootEmpty": false,
      "_timeout": 10000
    }
  ],
  "meta": {
    "mocha": {
      "version": "10.8.2"
    },
    "mochawesome": {
      "options": {
        "quiet": false,
        "reportFilename": "mochawesome",
        "saveHtml": true,
        "saveJson": true,
        "consoleReporter": "spec",
        "useInlineDiffs": false,
        "code": true
      },
      "version": "7.1.4"
    },
    "marge": {
      "options": null,
      "version": "6.3.2"
    }
  }
}