{
  "stats": {
    "suites": 0,
    "tests": 2,
    "passes": 1,
    "pending": 0,
    "failures": 1,
    "start": "2026-02-13T23:54:37.070Z",
    "end": "2026-02-13T23:54:44.297Z",
    "duration": 7227,
    "testsRegistered": 2,
    "passPercent": 50,
    "pendingPercent": 0,
    "other": 0,
    "hasOther": false,
    "skipped": 0,
    "hasSkipped": false
  },
  "results": [
    {
      "uuid": "d61c54cc-b05b-4759-b45a-c5581c5fffab",
      "title": "",
      "fullFile": "",
      "file": "C:\\repositorio2\\M24.Testes_em_APIs_GraphQL_com_PactumJS\\M24_Exercicio\\test\\api\\login.test.js",
      "beforeHooks": [
        {
          "title": "\"before each\" hook in \"{root}\"",
          "fullTitle": "\"before each\" hook in \"{root}\"",
          "timedOut": false,
          "duration": 710,
          "state": null,
          "speed": null,
          "pass": false,
          "fail": false,
          "pending": false,
          "context": null,
          "code": "token = await spec()\n    .post('/public/authUser')\n    .withJson({\n        \"email\": \"admin@admin.com\",\n        \"password\": \"admin123\"\n    })\n    .returns('data.token')",
          "err": {},
          "uuid": "fb900a1a-6f95-4e24-88ec-f00d2ee7a681",
          "parentUUID": "d61c54cc-b05b-4759-b45a-c5581c5fffab",
          "isHook": true,
          "skipped": false
        }
      ],
      "afterHooks": [],
      "tests": [
        {
          "title": "API - deve autenticar o usuario corretamente",
          "fullTitle": "API - deve autenticar o usuario corretamente",
          "timedOut": false,
          "duration": 267,
          "state": "passed",
          "speed": "slow",
          "pass": true,
          "fail": false,
          "pending": false,
          "context": null,
          "code": "await spec()\n    .post('http://lojaebac.ebaconline.art.br/public/authUser')\n    .withJson({\n        \"email\": \"admin@admin.com\",\n        \"password\": \"admin123\"\n    })\n    .expectStatus(200)\n    .expectJson('success', true)",
          "err": {},
          "uuid": "99d12f3a-d6b1-43a2-b53e-ab5e657b45c8",
          "parentUUID": "d61c54cc-b05b-4759-b45a-c5581c5fffab",
          "isHook": false,
          "skipped": false
        },
        {
          "title": "API - listagem de usuarios",
          "fullTitle": "API - listagem de usuarios",
          "timedOut": false,
          "duration": 5851,
          "state": "failed",
          "speed": null,
          "pass": false,
          "fail": true,
          "pending": false,
          "context": null,
          "code": "await spec()\n    .get('/api/getUsers')\n    .withHeaders(\"Authorization\", token)\n    .expectStatus(200)\n    .expectJsonMatch({\n        users: eachLike({\n            \"_id\": like(\"657b05fe31b986f1c0a7a053\"),\n            email: like(\"cliente@ebac.art.br\"),\n            profile: {\n                firstName: like(\"Cliente\")\n            }\n        })\n    })",
          "err": {
            "message": "AssertionError: Json doesn't have property 'profile' at '$.users[503]'",
            "estack": "AssertionError [ERR_ASSERTION]: Json doesn't have property 'profile' at '$.users[503]'\n    at Expect.fail (node_modules\\pactum\\src\\models\\expect.js:453:12)\n    at Expect._validateJsonMatch (node_modules\\pactum\\src\\models\\expect.js:285:14)\n    at Expect.validate (node_modules\\pactum\\src\\models\\expect.js:60:10)\n    at Tosser.validateResponse (node_modules\\pactum\\src\\models\\Tosser.js:240:23)\n    at Tosser.validate (node_modules\\pactum\\src\\models\\Tosser.js:207:18)\n    at Tosser.toss (node_modules\\pactum\\src\\models\\Tosser.js:44:18)\n    at process.processTicksAndRejections (node:internal/process/task_queues:105:5)",
            "diff": null
          },
          "uuid": "cdcf2ffc-563f-4b32-9bc0-11e35b6bf657",
          "parentUUID": "d61c54cc-b05b-4759-b45a-c5581c5fffab",
          "isHook": false,
          "skipped": false
        }
      ],
      "suites": [],
      "passes": [
        "99d12f3a-d6b1-43a2-b53e-ab5e657b45c8"
      ],
      "failures": [
        "cdcf2ffc-563f-4b32-9bc0-11e35b6bf657"
      ],
      "pending": [],
      "skipped": [],
      "duration": 6118,
      "root": true,
      "rootEmpty": false,
      "_timeout": 2000
    }
  ],
  "meta": {
    "mocha": {
      "version": "10.8.2"
    },
    "mochawesome": {
      "options": {
        "quiet": false,
        "reportFilename": "mochawesome",
        "saveHtml": true,
        "saveJson": true,
        "consoleReporter": "spec",
        "useInlineDiffs": false,
        "code": true
      },
      "version": "7.1.4"
    },
    "marge": {
      "options": null,
      "version": "6.3.2"
    }
  }
}